2023-02-20 14:23:32,682 [Worker-1: Loading available Gradle versions] INFO  o.e.b.c.i.u.g.PublishedGradleVersions - Gradle version information cache is up-to-date. Trying to read.
2023-02-20 14:24:18,007 [Worker-17: Importing Maven projects] INFO  o.e.m.c.i.l.LifecycleMappingFactory - Using org.eclipse.m2e.jdt.JarLifecycleMapping lifecycle mapping for MavenProject: it.lucal:GestionePrenotazioni:0.0.1-SNAPSHOT @ C:\Users\lucal\Documents\GitHub\Back End\Settimana 5\16-02\Es14_02\GestionePrenotazioni\pom.xml.
2023-02-20 14:24:19,717 [Worker-17: Importing Maven projects] INFO  o.e.m.j.i.AbstractJavaProjectConfigurator - Adding source folder /GestionePrenotazioni/src/main/java
2023-02-20 14:24:19,718 [Worker-17: Importing Maven projects] INFO  o.e.m.j.i.AbstractJavaProjectConfigurator - Adding resource folder /GestionePrenotazioni/src/main/resources
2023-02-20 14:24:19,726 [Worker-17: Importing Maven projects] INFO  o.e.m.j.i.AbstractJavaProjectConfigurator - Adding resource folder /GestionePrenotazioni/src/main/resources
2023-02-20 14:24:19,727 [Worker-17: Importing Maven projects] INFO  o.e.m.j.i.AbstractJavaProjectConfigurator - Adding source folder /GestionePrenotazioni/src/test/java
2023-02-20 14:24:20,273 [Worker-17: Importing Maven projects] INFO  o.e.m.c.i.p.ProjectConfigurationManager - Imported and configured 1 project(s) in 4 sec
2023-02-20 14:24:21,044 [Worker-8: Updating Maven Project] INFO  o.e.m.c.i.p.ProjectConfigurationManager - Update started
2023-02-20 14:24:21,431 [Worker-8: Updating Maven Project] INFO  o.e.m.c.i.l.LifecycleMappingFactory - Using org.eclipse.m2e.jdt.JarLifecycleMapping lifecycle mapping for MavenProject: it.lucal:GestionePrenotazioni:0.0.1-SNAPSHOT @ C:\Users\lucal\Documents\GitHub\Back End\Settimana 5\16-02\Es14_02\GestionePrenotazioni\pom.xml.
2023-02-20 14:24:22,306 [Worker-8: Updating Maven Project] INFO  o.e.m.j.i.AbstractJavaProjectConfigurator - Adding source folder /GestionePrenotazioni/src/main/java
2023-02-20 14:24:22,307 [Worker-8: Updating Maven Project] INFO  o.e.m.j.i.AbstractJavaProjectConfigurator - Adding resource folder /GestionePrenotazioni/src/main/resources
2023-02-20 14:24:22,308 [Worker-8: Updating Maven Project] INFO  o.e.m.j.i.AbstractJavaProjectConfigurator - Adding resource folder /GestionePrenotazioni/src/main/resources
2023-02-20 14:24:22,309 [Worker-8: Updating Maven Project] INFO  o.e.m.j.i.AbstractJavaProjectConfigurator - Adding source folder /GestionePrenotazioni/src/test/java
2023-02-20 14:24:23,002 [Worker-8: Updating Maven Project] INFO  o.e.m.c.i.p.ProjectConfigurationManager - Update completed for 1 poms: local refresh takes 0,00 sec, refresh facades takes 1,00 sec, update config takes 0,00 sec 
2023-02-20 14:24:53,665 [Worker-7: Importing Maven projects] INFO  o.e.m.c.i.l.LifecycleMappingFactory - Using org.eclipse.m2e.jdt.JarLifecycleMapping lifecycle mapping for MavenProject: com.riccardodegni.W5L4:W5L4:0.0.1-SNAPSHOT @ C:\Users\lucal\Desktop\W5L4\pom.xml.
2023-02-20 14:24:54,320 [Worker-7: Importing Maven projects] INFO  o.e.m.j.i.AbstractJavaProjectConfigurator - Adding source folder /W5L4/src/main/java
2023-02-20 14:24:54,320 [Worker-7: Importing Maven projects] INFO  o.e.m.j.i.AbstractJavaProjectConfigurator - Adding resource folder /W5L4/src/main/resources
2023-02-20 14:24:54,320 [Worker-7: Importing Maven projects] INFO  o.e.m.j.i.AbstractJavaProjectConfigurator - Adding resource folder /W5L4/src/main/resources
2023-02-20 14:24:54,321 [Worker-7: Importing Maven projects] INFO  o.e.m.j.i.AbstractJavaProjectConfigurator - Adding source folder /W5L4/src/test/java
2023-02-20 14:24:54,736 [Worker-7: Importing Maven projects] INFO  o.e.m.c.i.p.ProjectConfigurationManager - Imported and configured 1 project(s) in 1 sec
